<?xml version="1.0" encoding="UTF-8"?>
<!DOCTYPE coverage SYSTEM "http://cobertura.sourceforge.net/xml/coverage-04.dtd">
<coverage line-rate="0.5" branch-rate="0" lines-covered="1" lines-valid="2" branches-covered="0" branches-valid="0" complexity="2" version="0.4" timestamp="1769784126">
  <sources>
    <source>/Users/krystianmarcisz/PhpstormProjects/diff-cover</source>
  </sources>
  <packages>
    <package name="lib/Calculator.php" line-rate="0" branch-rate="0" complexity="1">
      <classes>
        <class name="DiffCover2\Calculator" filename="lib/Calculator.php" line-rate="0" branch-rate="0" complexity="1">
          <methods>
            <method name="add" signature="int $a, int $b" line-rate="0" branch-rate="0" complexity="1">
              <lines>
                <line number="11" hits="0"/>
              </lines>
            </method>
          </methods>
          <lines>
            <line number="11" hits="0"/>
          </lines>
        </class>
      </classes>
    </package>
    <package name="src/Calculator.php" line-rate="1" branch-rate="0" complexity="1">
      <classes>
        <class name="DiffCover\Calculator" filename="src/Calculator.php" line-rate="1" branch-rate="0" complexity="1">
          <methods>
            <method name="sub" signature="int $a, int $b" line-rate="1" branch-rate="0" complexity="1">
              <lines>
                <line number="11" hits="1"/>
              </lines>
            </method>
          </methods>
          <lines>
            <line number="11" hits="1"/>
          </lines>
        </class>
      </classes>
    </package>
  </packages>
</coverage>
