<?xml version="1.0" encoding="UTF-8"?>
<!DOCTYPE coverage SYSTEM "http://cobertura.sourceforge.net/xml/coverage-04.dtd">
<coverage line-rate="0" branch-rate="0" lines-covered="0" lines-valid="2" branches-covered="0" branches-valid="0" complexity="2" version="0.4" timestamp="1769260977">
  <sources>
    <source>/Users/user/PhpstormProjects/untitled2/src</source>
  </sources>
  <packages>
    <package name="Calculator.php" line-rate="0" branch-rate="0" complexity="2">
      <classes>
        <class name="AppExample\Calculator" filename="Calculator.php" line-rate="0" branch-rate="0" complexity="2">
          <methods>
            <method name="sub" signature="int $a, int $b" line-rate="0" branch-rate="0" complexity="1">
              <lines>
                <line number="11" hits="0"/>
              </lines>
            </method>
            <method name="add" signature="int $a, int $b" line-rate="0" branch-rate="0" complexity="1">
              <lines>
                <line number="16" hits="0"/>
              </lines>
            </method>
          </methods>
          <lines>
            <line number="11" hits="0"/>
            <line number="16" hits="0"/>
          </lines>
        </class>
      </classes>
    </package>
  </packages>
</coverage>
